
   INFO  Server running on [http://211.45.175.47:9000].  

  Press Ctrl+C to stop the server

  2024-07-15 15:15:46 ................................................... ~ 1s
  2024-07-15 15:15:46 /favicon.ico ...................................... ~ 1s
  2024-07-15 15:17:09 ................................................... ~ 0s
  2024-07-15 15:17:09 /favicon.ico ...................................... ~ 0s
  2024-07-15 15:19:21 ................................................... ~ 0s
  2024-07-15 15:19:21 /favicon.ico ...................................... ~ 0s

   WARN  172.168.40.82:51294 Invalid request (Unexpected EOF).  

  2024-07-15 17:44:16 .................................................. ~ 10s

   WARN  209.141.40.117:49244 Invalid request (Malformed HTTP request).  

  2024-07-15 19:04:24 ................................................... ~ 0s

   WARN  59.127.208.178:60044 Invalid request (Unsupported SSL request).  

  2024-07-15 20:32:53 ................................................... ~ 0s

   WARN  188.166.87.67:51352 Invalid request (Malformed HTTP request).  

  2024-07-15 20:40:09 ................................................... ~ 0s
  2024-07-15 20:40:09 .................................................. ~ 15s

   WARN  64.62.156.113:4553 Invalid request (Unsupported SSL request).  

  2024-07-15 21:01:49 ................................................... ~ 0s

   WARN  64.62.156.118:12541 Invalid request (Unsupported SSL request).  

  2024-07-15 21:01:55 ................................................... ~ 0s

   WARN  121.165.64.186:43878 Invalid request (Unsupported SSL request).  

  2024-07-15 21:26:58 ................................................... ~ 0s

   WARN  175.140.136.17:33221 Invalid request (Unsupported SSL request).  

  2024-07-15 22:20:59 ................................................... ~ 0s

   WARN  180.197.37.7:55662 Invalid request (Unsupported SSL request).  

  2024-07-16 00:01:36 ................................................... ~ 0s
  2024-07-16 00:48:31 ................................................... ~ 1s

   WARN  167.94.145.110:49526 Invalid request (Connection reset by peer).  

  2024-07-16 01:49:05 ................................................... ~ 3s

   WARN  167.94.145.110:49676 Invalid request (Unsupported SSL request).  

  2024-07-16 01:49:09 ................................................... ~ 0s
  2024-07-16 01:49:09 ................................................... ~ 4s
  2024-07-16 01:49:16 ................................................... ~ 0s

   WARN  167.94.145.110:46978 [501]: NOTIMPLEMENTED * - No such file or directory.  

   WARN  167.94.145.110:46978 [501]: NOTIMPLEMENTED * - No such file or directory.  

  2024-07-16 01:49:17 ................................................... ~ 0s
  2024-07-16 01:49:18 /favicon.ico ...................................... ~ 0s

   WARN  153.164.19.58:39771 Invalid request (Unsupported SSL request).  

  2024-07-16 02:52:48 ................................................... ~ 3s

   WARN  179.60.149.8:65383 Invalid request (Malformed HTTP request).  

  2024-07-16 07:22:15 ................................................... ~ 0s

   WARN  121.169.148.193:53106 Invalid request (Unsupported SSL request).  

  2024-07-16 07:34:02 ................................................... ~ 0s

   WARN  50.146.196.106:36248 Invalid request (Unsupported SSL request).  

  2024-07-16 07:48:03 ................................................... ~ 0s

   WARN  185.198.69.7:63362 Invalid request (Malformed HTTP request).  

  2024-07-16 08:50:02 ................................................... ~ 2s
  2024-07-16 10:06:11 ................................................... ~ 2s
  2024-07-16 10:06:11 /favicon.ico ...................................... ~ 2s
  2024-07-16 10:13:02 ................................................... ~ 0s
  2024-07-16 10:13:02 /favicon.ico ...................................... ~ 0s
  2024-07-16 10:13:08 ................................................... ~ 1s
  2024-07-16 10:13:09 /favicon.ico ...................................... ~ 0s
  2024-07-16 10:13:22 /favicon.ico ...................................... ~ 0s
  2024-07-16 10:13:22 ................................................... ~ 1s
  2024-07-16 10:13:23 /favicon.ico ...................................... ~ 0s
  2024-07-16 10:13:28 ................................................... ~ 0s
  2024-07-16 10:13:28 /favicon.ico ...................................... ~ 0s
  2024-07-16 10:13:29 ................................................... ~ 1s
  2024-07-16 10:13:30 /favicon.ico ...................................... ~ 0s
  2024-07-16 10:13:34 /favicon.ico ...................................... ~ 0s
  2024-07-16 10:15:22 ................................................... ~ 0s
  2024-07-16 10:15:22 /favicon.ico ...................................... ~ 0s
  2024-07-16 10:15:23 ................................................... ~ 0s
  2024-07-16 10:15:23 /favicon.ico ...................................... ~ 0s
  2024-07-16 10:15:24 ................................................... ~ 0s
  2024-07-16 10:15:24 /favicon.ico ...................................... ~ 0s
